<?xml version="1.0" encoding="UTF-8"?>
<!-- Generated by org.testng.reporters.JUnitReportReporter -->
<testsuite skipped="0" hostname="ASDP1504_PO01976" name="Qainfotech.Session5.HRIS_Time" tests="1" failures="0" timestamp="13 Feb 2017 10:00:24 GMT" time="11.734" errors="0">
  <testcase name="launchWeb" time="11.734" classname="Qainfotech.Session5.HRIS_Time"/>
</testsuite> <!-- Qainfotech.Session5.HRIS_Time -->
