<?xml version="1.0" encoding="UTF-8"?>
<!-- Generated by org.testng.reporters.JUnitReportReporter -->
<testsuite skipped="0" hostname="ASDP1504_PO01976" name="Qainfotech.Session5.SikuliTestVPN" tests="1" failures="0" timestamp="15 Feb 2017 07:06:01 GMT" time="10.930" errors="0">
  <testcase name="sikulitest" time="10.930" classname="Qainfotech.Session5.SikuliTestVPN"/>
</testsuite> <!-- Qainfotech.Session5.SikuliTestVPN -->
